{"levelLabel":"info","time":"2025-06-07T22:21:29.881Z","context":"app","msg":"Server is running on port 8000"}
{"levelLabel":"info","time":"2025-06-07T22:21:48.697Z","context":"app","msg":"Server is running on port 8000"}
{"levelLabel":"info","time":"2025-06-07T22:22:08.572Z","context":"app","msg":"Server is running on port 8000"}
{"levelLabel":"info","time":"2025-06-07T22:22:14.480Z","context":"app","msg":"Server is running on port 8000"}
{"levelLabel":"info","time":"2025-06-07T22:22:18.294Z","context":"app","msg":"Server is running on port 8000"}
{"levelLabel":"info","time":"2025-06-07T22:22:23.866Z","context":"app","msg":"Server is running on port 8000"}
{"levelLabel":"info","time":"2025-06-07T22:22:26.430Z","context":"app","msg":"Server is running on port 8000"}
{"levelLabel":"info","time":"2025-06-07T22:22:43.672Z","context":"app","msg":"Server is running on port 8000"}
{"levelLabel":"info","time":"2025-06-07T22:22:48.942Z","context":"app","msg":"Server is running on port 8000"}
{"levelLabel":"info","time":"2025-06-07T22:23:07.769Z","context":"app","msg":"Server is running on port 8000"}
{"levelLabel":"info","time":"2025-06-07T22:23:16.052Z","context":"app","msg":"Server is running on port 8000"}
{"levelLabel":"info","time":"2025-06-07T22:23:32.354Z","context":"app","msg":"Server is running on port 8000"}
{"levelLabel":"info","time":"2025-06-07T22:23:36.477Z","context":"app","msg":"Server is running on port 8000"}
{"levelLabel":"info","time":"2025-06-07T22:24:40.020Z","context":"app","msg":"Server is running on port 8000"}
{"levelLabel":"info","time":"2025-06-07T22:24:57.073Z","context":"app","msg":"Server is running on port 8000"}
{"levelLabel":"info","time":"2025-06-07T22:25:02.702Z","context":"app","msg":"Server is running on port 8000"}
{"levelLabel":"info","time":"2025-06-07T22:25:10.019Z","context":"app","msg":"Server is running on port 8000"}
{"levelLabel":"info","time":"2025-06-07T22:25:13.222Z","context":"app","msg":"Server is running on port 8000"}
{"levelLabel":"info","time":"2025-06-07T22:25:20.668Z","context":"app","msg":"Server is running on port 8000"}
{"levelLabel":"info","time":"2025-06-07T22:25:28.692Z","context":"app","msg":"Server is running on port 8000"}
{"levelLabel":"info","time":"2025-06-07T22:26:11.701Z","context":"app","msg":"Server is running on port 8000"}
{"levelLabel":"info","time":"2025-06-07T22:26:23.004Z","context":"app","msg":"Server is running on port 8000"}
{"levelLabel":"info","time":"2025-06-07T22:26:27.486Z","context":"app","msg":"Server is running on port 8000"}
{"levelLabel":"info","time":"2025-06-07T22:26:35.513Z","context":"app","msg":"Server is running on port 8000"}
{"levelLabel":"info","time":"2025-06-07T22:26:38.390Z","context":"app","msg":"Server is running on port 8000"}
{"levelLabel":"info","time":"2025-06-07T22:26:59.084Z","context":"app","msg":"Server is running on port 8000"}
{"levelLabel":"info","time":"2025-06-07T22:27:13.113Z","context":"app","msg":"Server is running on port 8000"}
{"levelLabel":"info","time":"2025-06-07T22:27:29.542Z","context":"app","msg":"Server is running on port 8000"}
{"levelLabel":"info","time":"2025-06-07T22:28:08.668Z","context":"app","msg":"Server is running on port 8000"}
{"levelLabel":"info","time":"2025-06-07T22:28:11.752Z","context":"app","msg":"Server is running on port 8000"}
{"levelLabel":"info","time":"2025-06-07T22:28:22.958Z","context":"app","msg":"Server is running on port 8000"}
{"levelLabel":"info","time":"2025-06-07T22:29:03.052Z","context":"app","msg":"Server is running on port 8000"}
{"levelLabel":"info","time":"2025-06-07T22:29:08.748Z","context":"app","msg":"Server is running on port 8000"}
{"levelLabel":"info","time":"2025-06-07T22:29:15.139Z","context":"app","msg":"Server is running on port 8000"}
{"levelLabel":"info","time":"2025-06-07T22:29:24.967Z","context":"app","msg":"Server is running on port 8000"}
{"levelLabel":"info","time":"2025-06-07T22:30:07.763Z","context":"app","msg":"Server is running on port 8000"}
{"levelLabel":"info","time":"2025-06-07T22:30:13.280Z","context":"app","msg":"Server is running on port 8000"}
{"levelLabel":"info","time":"2025-06-07T22:30:17.214Z","context":"app","msg":"Server is running on port 8000"}
{"levelLabel":"info","time":"2025-06-07T22:30:21.543Z","context":"app","msg":"Server is running on port 8000"}
{"levelLabel":"info","time":"2025-06-07T22:30:26.795Z","context":"app","msg":"Server is running on port 8000"}
{"levelLabel":"info","time":"2025-06-07T22:30:36.528Z","context":"app","msg":"Server is running on port 8000"}
{"levelLabel":"info","time":"2025-06-07T22:31:00.532Z","context":"app","msg":"Server is running on port 8000"}
{"levelLabel":"info","time":"2025-06-07T22:31:19.734Z","context":"app","msg":"Server is running on port 8000"}
{"levelLabel":"info","time":"2025-06-07T22:31:23.762Z","context":"app","msg":"Server is running on port 8000"}
{"levelLabel":"info","time":"2025-06-07T22:31:29.008Z","context":"app","msg":"Server is running on port 8000"}
{"levelLabel":"info","time":"2025-06-07T22:31:40.509Z","context":"app","msg":"Server is running on port 8000"}
{"levelLabel":"info","time":"2025-06-07T22:33:03.741Z","context":"app","msg":"Server is running on port 8000"}
{"levelLabel":"info","time":"2025-06-07T22:33:09.194Z","context":"app","msg":"Server is running on port 8000"}
{"levelLabel":"info","time":"2025-06-07T22:33:14.828Z","context":"app","msg":"Server is running on port 8000"}
{"levelLabel":"info","time":"2025-06-07T22:33:34.939Z","context":"app","msg":"Server is running on port 8000"}
{"levelLabel":"info","time":"2025-06-07T22:34:13.557Z","context":"app","msg":"Server is running on port 8000"}
{"levelLabel":"info","time":"2025-06-07T22:34:24.298Z","context":"app","msg":"Server is running on port 8000"}
{"levelLabel":"info","time":"2025-06-07T22:34:47.225Z","context":"app","msg":"Server is running on port 8000"}
{"levelLabel":"info","time":"2025-06-07T22:35:24.194Z","context":"app","msg":"Server is running on port 8000"}
{"levelLabel":"info","time":"2025-06-07T22:36:17.153Z","context":"app","msg":"Server is running on port 8000"}
{"levelLabel":"info","time":"2025-06-07T22:36:20.593Z","context":"app","msg":"Server is running on port 8000"}
{"levelLabel":"info","time":"2025-06-07T22:36:26.041Z","context":"app","msg":"Server is running on port 8000"}
{"levelLabel":"info","time":"2025-06-07T22:36:29.928Z","context":"app","msg":"Server is running on port 8000"}
{"levelLabel":"info","time":"2025-06-07T22:36:55.597Z","context":"app","msg":"Server is running on port 8000"}
{"levelLabel":"info","time":"2025-06-07T22:36:58.098Z","context":"app","msg":"Server is running on port 8000"}
{"levelLabel":"info","time":"2025-06-07T22:37:10.023Z","context":"app","msg":"Server is running on port 8000"}
{"levelLabel":"info","time":"2025-06-07T22:37:16.185Z","context":"app","msg":"Server is running on port 8000"}
{"levelLabel":"info","time":"2025-06-07T22:37:24.338Z","context":"app","msg":"Server is running on port 8000"}
{"levelLabel":"info","time":"2025-06-07T22:37:29.181Z","context":"app","msg":"Server is running on port 8000"}
{"levelLabel":"info","time":"2025-06-07T22:38:02.020Z","context":"app","msg":"Server is running on port 8000"}
{"levelLabel":"info","time":"2025-06-07T22:38:25.723Z","context":"app","msg":"Server is running on port 8000"}
{"levelLabel":"info","time":"2025-06-07T22:38:33.346Z","context":"app","msg":"Server is running on port 8000"}
{"levelLabel":"info","time":"2025-06-07T22:38:44.169Z","context":"app","msg":"Server is running on port 8000"}
{"levelLabel":"info","time":"2025-06-07T22:38:55.454Z","context":"app","msg":"Server is running on port 8000"}
{"levelLabel":"info","time":"2025-06-07T22:39:08.620Z","context":"app","msg":"Server is running on port 8000"}
{"levelLabel":"info","time":"2025-06-07T22:39:11.605Z","context":"app","msg":"Server is running on port 8000"}
{"levelLabel":"info","time":"2025-06-07T22:39:27.078Z","context":"app","msg":"Server is running on port 8000"}
{"levelLabel":"info","time":"2025-06-07T22:39:33.922Z","context":"app","msg":"Server is running on port 8000"}
{"levelLabel":"info","time":"2025-06-07T22:39:38.322Z","context":"app","msg":"Server is running on port 8000"}
{"levelLabel":"info","time":"2025-06-07T22:40:45.260Z","context":"app","msg":"Server is running on port 8000"}
{"levelLabel":"info","time":"2025-06-07T22:40:51.083Z","context":"app","msg":"Server is running on port 8000"}
{"levelLabel":"info","time":"2025-06-07T22:41:00.164Z","context":"app","msg":"Server is running on port 8000"}
{"levelLabel":"info","time":"2025-06-07T22:45:32.669Z","context":"app","msg":"Server is running on port 8000"}
{"levelLabel":"info","time":"2025-06-07T22:45:48.760Z","context":"app","msg":"Server is running on port 8000"}
{"levelLabel":"info","time":"2025-06-07T22:46:24.003Z","context":"app","msg":"Server is running on port 8000"}
{"levelLabel":"info","time":"2025-06-07T22:46:28.241Z","context":"app","msg":"Server is running on port 8000"}
{"levelLabel":"info","time":"2025-06-07T22:46:36.841Z","context":"app","msg":"Server is running on port 8000"}
{"levelLabel":"info","time":"2025-06-07T22:47:25.725Z","context":"app","msg":"Server is running on port 8000"}
{"levelLabel":"info","time":"2025-06-07T22:47:43.729Z","context":"app","msg":"Server is running on port 8000"}
{"levelLabel":"info","time":"2025-06-07T22:48:21.133Z","context":"app","msg":"Server is running on port 8000"}
{"levelLabel":"info","time":"2025-06-07T22:48:28.662Z","context":"app","msg":"Server is running on port 8000"}
{"levelLabel":"info","time":"2025-06-07T22:48:46.266Z","context":"app","msg":"Server is running on port 8000"}
{"levelLabel":"info","time":"2025-06-07T22:48:57.138Z","context":"app","msg":"Server is running on port 8000"}
{"levelLabel":"info","time":"2025-06-07T22:49:02.896Z","context":"app","msg":"Server is running on port 8000"}
{"levelLabel":"info","time":"2025-06-07T22:49:18.025Z","context":"app","msg":"Server is running on port 8000"}
{"levelLabel":"info","time":"2025-06-07T22:49:57.181Z","context":"app","msg":"Server is running on port 8000"}
{"levelLabel":"info","time":"2025-06-07T22:49:59.980Z","context":"app","msg":"Server is running on port 8000"}
{"levelLabel":"info","time":"2025-06-07T22:50:04.040Z","context":"app","msg":"Server is running on port 8000"}
{"levelLabel":"info","time":"2025-06-07T22:50:34.140Z","context":"app","msg":"Server is running on port 8000"}
{"levelLabel":"info","time":"2025-06-07T22:50:38.040Z","context":"app","msg":"Server is running on port 8000"}
{"levelLabel":"info","time":"2025-06-07T22:50:41.046Z","context":"app","msg":"Server is running on port 8000"}
{"levelLabel":"info","time":"2025-06-07T22:50:45.936Z","context":"app","msg":"Server is running on port 8000"}
{"levelLabel":"info","time":"2025-06-07T22:50:51.227Z","context":"app","msg":"Server is running on port 8000"}
{"levelLabel":"info","time":"2025-06-07T22:51:22.899Z","context":"app","msg":"Server is running on port 8000"}
{"levelLabel":"info","time":"2025-06-07T22:51:26.532Z","context":"app","msg":"Server is running on port 8000"}
{"levelLabel":"info","time":"2025-06-07T22:51:37.409Z","context":"app","msg":"Server is running on port 8000"}
{"levelLabel":"info","time":"2025-06-07T22:52:00.144Z","context":"app","msg":"Server is running on port 8000"}
{"levelLabel":"info","time":"2025-06-07T22:52:11.957Z","context":"app","msg":"Server is running on port 8000"}
{"levelLabel":"info","time":"2025-06-07T22:52:16.976Z","context":"app","msg":"Server is running on port 8000"}
{"levelLabel":"info","time":"2025-06-07T22:52:54.132Z","context":"app","msg":"Server is running on port 8000"}
{"levelLabel":"info","time":"2025-06-07T22:53:02.792Z","context":"app","msg":"Server is running on port 8000"}
{"levelLabel":"info","time":"2025-06-07T22:53:06.938Z","context":"app","msg":"Server is running on port 8000"}
{"levelLabel":"info","time":"2025-06-07T22:55:02.316Z","context":"app","msg":"Server is running on port 8000"}
{"levelLabel":"info","time":"2025-06-07T22:55:52.174Z","context":"app","msg":"Server is running on port 8000"}
{"levelLabel":"info","time":"2025-06-07T22:56:02.234Z","context":"app","msg":"Server is running on port 8000"}
{"levelLabel":"info","time":"2025-06-07T22:56:17.546Z","context":"app","msg":"Server is running on port 8000"}
{"levelLabel":"info","time":"2025-06-07T22:56:28.678Z","context":"app","msg":"Server is running on port 8000"}
{"levelLabel":"info","time":"2025-06-07T22:56:34.279Z","context":"app","msg":"Server is running on port 8000"}
{"levelLabel":"info","time":"2025-06-07T22:56:38.844Z","context":"app","msg":"Server is running on port 8000"}
{"levelLabel":"info","time":"2025-06-07T22:56:43.131Z","context":"app","msg":"Server is running on port 8000"}
{"levelLabel":"info","time":"2025-06-07T22:56:47.641Z","context":"app","msg":"Server is running on port 8000"}
{"levelLabel":"info","time":"2025-06-07T22:57:07.802Z","context":"app","msg":"Server is running on port 8000"}
{"levelLabel":"info","time":"2025-06-07T22:57:17.072Z","context":"app","msg":"Server is running on port 8000"}
{"levelLabel":"info","time":"2025-06-07T22:57:21.969Z","context":"app","msg":"Server is running on port 8000"}
{"levelLabel":"info","time":"2025-06-07T22:57:24.777Z","context":"app","msg":"Server is running on port 8000"}
{"levelLabel":"info","time":"2025-06-07T22:58:03.993Z","context":"app","msg":"Server is running on port 8000"}
{"levelLabel":"info","time":"2025-06-07T22:58:14.711Z","context":"app","msg":"Server is running on port 8000"}
{"levelLabel":"info","time":"2025-06-07T22:58:25.437Z","context":"app","msg":"Server is running on port 8000"}
{"levelLabel":"info","time":"2025-06-07T22:58:58.114Z","context":"app","msg":"Server is running on port 8000"}
{"levelLabel":"info","time":"2025-06-07T22:59:13.427Z","context":"app","msg":"Server is running on port 8000"}
{"levelLabel":"info","time":"2025-06-07T22:59:20.502Z","context":"app","msg":"Server is running on port 8000"}
{"levelLabel":"info","time":"2025-06-07T23:31:31.353Z","context":"app","msg":"Server is running on port 8000"}
{"levelLabel":"info","time":"2025-06-07T23:31:56.867Z","context":"app","msg":"Server is running on port 8000"}
{"levelLabel":"info","time":"2025-06-07T23:32:08.486Z","context":"app","msg":"Server is running on port 8000"}
{"levelLabel":"info","time":"2025-06-07T23:32:26.237Z","context":"app","msg":"Server is running on port 8000"}
{"levelLabel":"info","time":"2025-06-07T23:33:07.427Z","context":"app","msg":"Server is running on port 8000"}
{"levelLabel":"info","time":"2025-06-07T23:33:36.800Z","context":"app","msg":"Server is running on port 8000"}
{"levelLabel":"info","time":"2025-06-07T23:34:27.216Z","context":"app","msg":"Server is running on port 8000"}
{"levelLabel":"info","time":"2025-06-07T23:35:06.416Z","context":"app","msg":"Server is running on port 8000"}
{"levelLabel":"info","time":"2025-06-07T23:35:13.590Z","context":"app","msg":"Server is running on port 8000"}
{"levelLabel":"info","time":"2025-06-07T23:35:50.376Z","context":"app","msg":"Server is running on port 8000"}
{"levelLabel":"info","time":"2025-06-07T23:36:05.411Z","context":"app","msg":"Server is running on port 8000"}
{"levelLabel":"info","time":"2025-06-07T23:36:31.364Z","context":"app","msg":"Server is running on port 8000"}
{"levelLabel":"info","time":"2025-06-07T23:36:49.850Z","context":"app","msg":"Server is running on port 8000"}
{"levelLabel":"info","time":"2025-06-07T23:36:57.031Z","context":"app","msg":"Server is running on port 8000"}
{"levelLabel":"info","time":"2025-06-07T23:37:15.989Z","context":"app","msg":"Server is running on port 8000"}
{"levelLabel":"info","time":"2025-06-07T23:37:45.082Z","context":"app","msg":"Server is running on port 8000"}
{"levelLabel":"info","time":"2025-06-07T23:37:53.338Z","context":"app","msg":"Server is running on port 8000"}
{"levelLabel":"info","time":"2025-06-07T23:38:05.756Z","context":"app","msg":"Server is running on port 8000"}
{"levelLabel":"info","time":"2025-06-07T23:38:25.209Z","context":"app","msg":"Server is running on port 8000"}
{"levelLabel":"info","time":"2025-06-07T23:38:49.698Z","context":"app","msg":"Server is running on port 8000"}
{"levelLabel":"info","time":"2025-06-07T23:39:43.946Z","context":"app","msg":"Server is running on port 8000"}
{"levelLabel":"info","time":"2025-06-07T23:39:53.903Z","context":"app","msg":"Server is running on port 8000"}
{"levelLabel":"info","time":"2025-06-07T23:40:44.716Z","context":"app","msg":"Server is running on port 8000"}
{"levelLabel":"info","time":"2025-06-07T23:40:55.682Z","context":"app","msg":"Server is running on port 8000"}
{"levelLabel":"info","time":"2025-06-07T23:41:00.486Z","context":"app","msg":"Server is running on port 8000"}
{"levelLabel":"info","time":"2025-06-07T23:41:19.296Z","context":"app","msg":"Server is running on port 8000"}
{"levelLabel":"info","time":"2025-06-07T23:41:21.667Z","context":"app","msg":"Server is running on port 8000"}
{"levelLabel":"info","time":"2025-06-07T23:41:52.374Z","context":"app","msg":"Server is running on port 8000"}
{"levelLabel":"info","time":"2025-06-07T23:42:05.363Z","context":"app","msg":"Server is running on port 8000"}
{"levelLabel":"info","time":"2025-06-07T23:42:20.453Z","context":"app","msg":"Server is running on port 8000"}
{"levelLabel":"info","time":"2025-06-07T23:43:18.292Z","context":"app","msg":"Server is running on port 8000"}
{"levelLabel":"info","time":"2025-06-07T23:45:22.414Z","context":"app","msg":"Server is running on port 8000"}
{"levelLabel":"info","time":"2025-06-07T23:47:18.608Z","context":"app","msg":"Server is running on port 8000"}
{"levelLabel":"info","time":"2025-06-07T23:47:28.765Z","context":"app","msg":"Server is running on port 8000"}
{"levelLabel":"info","time":"2025-06-07T23:48:00.503Z","context":"app","msg":"Server is running on port 8000"}
{"levelLabel":"info","time":"2025-06-07T23:48:04.275Z","context":"app","msg":"Server is running on port 8000"}
{"levelLabel":"info","time":"2025-06-07T23:48:22.484Z","context":"app","msg":"Server is running on port 8000"}
{"levelLabel":"info","time":"2025-06-07T23:48:27.413Z","context":"app","msg":"Server is running on port 8000"}
{"levelLabel":"info","time":"2025-06-07T23:48:39.762Z","context":"app","msg":"Server is running on port 8000"}
{"levelLabel":"info","time":"2025-06-07T23:48:45.767Z","context":"app","msg":"Server is running on port 8000"}
{"levelLabel":"info","time":"2025-06-07T23:48:51.653Z","context":"app","msg":"Server is running on port 8000"}
{"levelLabel":"info","time":"2025-06-07T23:48:57.902Z","context":"app","msg":"Server is running on port 8000"}
{"levelLabel":"info","time":"2025-06-07T23:49:27.128Z","context":"app","msg":"Server is running on port 8000"}
{"levelLabel":"info","time":"2025-06-07T23:49:40.141Z","context":"app","msg":"Server is running on port 8000"}
{"levelLabel":"info","time":"2025-06-07T23:49:53.294Z","context":"app","msg":"Server is running on port 8000"}
{"levelLabel":"info","time":"2025-06-07T23:49:57.801Z","context":"app","msg":"Server is running on port 8000"}
{"levelLabel":"info","time":"2025-06-07T23:50:04.831Z","context":"app","msg":"Server is running on port 8000"}
{"levelLabel":"info","time":"2025-06-07T23:50:32.030Z","context":"app","msg":"Server is running on port 8000"}
{"levelLabel":"info","time":"2025-06-07T23:50:51.501Z","context":"app","msg":"Server is running on port 8000"}
{"levelLabel":"info","time":"2025-06-07T23:50:57.384Z","context":"app","msg":"Server is running on port 8000"}
{"levelLabel":"info","time":"2025-06-07T23:51:03.906Z","context":"app","msg":"Server is running on port 8000"}
{"levelLabel":"info","time":"2025-06-07T23:51:18.291Z","context":"app","msg":"Server is running on port 8000"}
{"levelLabel":"info","time":"2025-06-07T23:51:30.267Z","context":"app","msg":"Server is running on port 8000"}
{"levelLabel":"info","time":"2025-06-07T23:51:42.856Z","context":"app","msg":"Server is running on port 8000"}
{"levelLabel":"info","time":"2025-06-07T23:51:54.761Z","context":"app","msg":"Server is running on port 8000"}
{"levelLabel":"info","time":"2025-06-07T23:51:59.334Z","context":"app","msg":"Server is running on port 8000"}
{"levelLabel":"info","time":"2025-06-07T23:52:18.769Z","context":"app","msg":"Server is running on port 8000"}
{"levelLabel":"info","time":"2025-06-07T23:52:42.048Z","context":"app","msg":"Server is running on port 8000"}
{"levelLabel":"info","time":"2025-06-07T23:52:49.872Z","context":"app","msg":"Server is running on port 8000"}
{"levelLabel":"info","time":"2025-06-07T23:53:01.229Z","context":"app","msg":"Server is running on port 8000"}
{"levelLabel":"info","time":"2025-06-07T23:53:03.959Z","context":"app","msg":"Server is running on port 8000"}
{"levelLabel":"info","time":"2025-06-07T23:53:08.952Z","context":"app","msg":"Server is running on port 8000"}
{"levelLabel":"info","time":"2025-06-07T23:53:16.350Z","context":"app","msg":"Server is running on port 8000"}
{"levelLabel":"info","time":"2025-06-07T23:53:23.867Z","context":"app","msg":"Server is running on port 8000"}
{"levelLabel":"info","time":"2025-06-07T23:53:36.005Z","context":"app","msg":"Server is running on port 8000"}
{"levelLabel":"info","time":"2025-06-07T23:53:38.827Z","context":"app","msg":"Server is running on port 8000"}
{"levelLabel":"info","time":"2025-06-07T23:53:46.047Z","context":"app","msg":"Server is running on port 8000"}
{"levelLabel":"info","time":"2025-06-07T23:53:53.384Z","context":"app","msg":"Server is running on port 8000"}
{"levelLabel":"info","time":"2025-06-07T23:54:09.831Z","context":"app","msg":"Server is running on port 8000"}
{"levelLabel":"info","time":"2025-06-07T23:54:27.227Z","context":"app","msg":"Server is running on port 8000"}
{"levelLabel":"info","time":"2025-06-07T23:54:31.575Z","context":"app","msg":"Server is running on port 8000"}
{"levelLabel":"info","time":"2025-06-07T23:54:40.676Z","context":"app","msg":"Server is running on port 8000"}
{"levelLabel":"info","time":"2025-06-07T23:54:48.343Z","context":"app","msg":"Server is running on port 8000"}
{"levelLabel":"info","time":"2025-06-07T23:54:52.499Z","context":"app","msg":"Server is running on port 8000"}
{"levelLabel":"info","time":"2025-06-07T23:55:00.122Z","context":"app","msg":"Server is running on port 8000"}
{"levelLabel":"info","time":"2025-06-07T23:55:11.314Z","context":"app","msg":"Server is running on port 8000"}
{"levelLabel":"info","time":"2025-06-07T23:55:29.304Z","context":"app","msg":"Server is running on port 8000"}
{"levelLabel":"info","time":"2025-06-07T23:56:02.314Z","context":"app","msg":"Server is running on port 8000"}
{"levelLabel":"info","time":"2025-06-07T23:56:05.080Z","context":"app","msg":"Server is running on port 8000"}
{"levelLabel":"info","time":"2025-06-07T23:56:37.042Z","context":"app","msg":"Server is running on port 8000"}
{"levelLabel":"info","time":"2025-06-07T23:58:14.351Z","context":"app","msg":"Server is running on port 8000"}
{"levelLabel":"info","time":"2025-06-07T23:58:32.092Z","context":"app","msg":"Server is running on port 8000"}
{"levelLabel":"info","time":"2025-06-07T23:58:36.659Z","context":"app","msg":"Server is running on port 8000"}
{"levelLabel":"info","time":"2025-06-07T23:59:03.915Z","context":"app","msg":"Server is running on port 8000"}
{"levelLabel":"info","time":"2025-06-07T23:59:09.977Z","context":"app","msg":"Server is running on port 8000"}
{"levelLabel":"info","time":"2025-06-07T23:59:30.190Z","context":"app","msg":"Server is running on port 8000"}
{"levelLabel":"info","time":"2025-06-07T23:59:39.743Z","context":"app","msg":"Server is running on port 8000"}
{"levelLabel":"info","time":"2025-06-07T23:59:47.682Z","context":"app","msg":"Server is running on port 8000"}
{"levelLabel":"info","time":"2025-06-07T23:59:51.778Z","context":"app","msg":"Server is running on port 8000"}
{"levelLabel":"info","time":"2025-06-08T00:02:01.328Z","context":"app","method":"OPTIONS","url":"/auth/login","context":"HTTP_REQUEST_IN","msg":"Requête entrante"}
{"levelLabel":"info","time":"2025-06-08T00:02:01.377Z","context":"app","method":"POST","url":"/auth/login","context":"HTTP_REQUEST_IN","msg":"Requête entrante"}
{"levelLabel":"info","time":"2025-06-08T00:02:01.828Z","context":"app","status":403,"responseTime":"452ms","context":"HTTP_RESPONSE_OUT","msg":"Réponse sortante"}
{"levelLabel":"error","time":"2025-06-08T00:02:01.833Z","context":"app","status":403,"method":"POST","url":"/auth/login","ip":"::1","context":"HTTP_ERROR","msg":"Erreur HTTP"}
