{"levelLabel":"info","time":"2025-06-15T14:07:00.457Z","context":"app","msg":"Server is running on port 8000"}
{"levelLabel":"info","time":"2025-06-15T14:07:27.788Z","context":"app","method":"OPTIONS","url":"/notifications/get-unread-number-notifications","context":"HTTP_REQUEST_IN","msg":"Requête entrante"}
{"levelLabel":"info","time":"2025-06-15T14:07:27.792Z","context":"app","method":"OPTIONS","url":"/requests/get-all-requests","context":"HTTP_REQUEST_IN","msg":"Requête entrante"}
{"levelLabel":"info","time":"2025-06-15T14:07:27.793Z","context":"app","method":"OPTIONS","url":"/auth/me","context":"HTTP_REQUEST_IN","msg":"Requête entrante"}
{"levelLabel":"info","time":"2025-06-15T14:07:27.794Z","context":"app","method":"OPTIONS","url":"/notifications/get-unread-number-notifications","context":"HTTP_REQUEST_IN","msg":"Requête entrante"}
{"levelLabel":"info","time":"2025-06-15T14:07:27.794Z","context":"app","method":"OPTIONS","url":"/requests/get-all-requests","context":"HTTP_REQUEST_IN","msg":"Requête entrante"}
{"levelLabel":"info","time":"2025-06-15T14:07:27.795Z","context":"app","method":"OPTIONS","url":"/auth/me","context":"HTTP_REQUEST_IN","msg":"Requête entrante"}
{"levelLabel":"info","time":"2025-06-15T14:07:27.796Z","context":"app","method":"GET","url":"/notifications/get-unread-number-notifications","context":"HTTP_REQUEST_IN","msg":"Requête entrante"}
{"levelLabel":"info","time":"2025-06-15T14:07:27.805Z","context":"app","status":401,"responseTime":"9ms","context":"HTTP_RESPONSE_OUT","msg":"Réponse sortante"}
{"levelLabel":"error","time":"2025-06-15T14:07:27.808Z","context":"app","status":401,"method":"GET","url":"/notifications/get-unread-number-notifications","ip":"::1","context":"HTTP_ERROR","msg":"Erreur HTTP"}
{"levelLabel":"info","time":"2025-06-15T14:07:27.809Z","context":"app","method":"GET","url":"/requests/get-all-requests","context":"HTTP_REQUEST_IN","msg":"Requête entrante"}
{"levelLabel":"info","time":"2025-06-15T14:07:27.811Z","context":"app","status":401,"responseTime":"2ms","context":"HTTP_RESPONSE_OUT","msg":"Réponse sortante"}
{"levelLabel":"error","time":"2025-06-15T14:07:27.815Z","context":"app","status":401,"method":"GET","url":"/requests/get-all-requests","ip":"::1","context":"HTTP_ERROR","msg":"Erreur HTTP"}
{"levelLabel":"info","time":"2025-06-15T14:07:27.818Z","context":"app","method":"GET","url":"/auth/me","context":"HTTP_REQUEST_IN","msg":"Requête entrante"}
{"levelLabel":"info","time":"2025-06-15T14:07:27.821Z","context":"app","status":401,"responseTime":"3ms","context":"HTTP_RESPONSE_OUT","msg":"Réponse sortante"}
{"levelLabel":"error","time":"2025-06-15T14:07:27.823Z","context":"app","status":401,"method":"GET","url":"/auth/me","ip":"::1","context":"HTTP_ERROR","msg":"Erreur HTTP"}
{"levelLabel":"info","time":"2025-06-15T14:07:27.826Z","context":"app","method":"GET","url":"/auth/me","context":"HTTP_REQUEST_IN","msg":"Requête entrante"}
{"levelLabel":"info","time":"2025-06-15T14:07:27.832Z","context":"app","status":401,"responseTime":"5ms","context":"HTTP_RESPONSE_OUT","msg":"Réponse sortante"}
{"levelLabel":"error","time":"2025-06-15T14:07:27.833Z","context":"app","status":401,"method":"GET","url":"/auth/me","ip":"::1","context":"HTTP_ERROR","msg":"Erreur HTTP"}
{"levelLabel":"info","time":"2025-06-15T14:07:27.836Z","context":"app","method":"GET","url":"/notifications/get-unread-number-notifications","context":"HTTP_REQUEST_IN","msg":"Requête entrante"}
{"levelLabel":"info","time":"2025-06-15T14:07:27.838Z","context":"app","status":401,"responseTime":"2ms","context":"HTTP_RESPONSE_OUT","msg":"Réponse sortante"}
{"levelLabel":"error","time":"2025-06-15T14:07:27.839Z","context":"app","status":401,"method":"GET","url":"/notifications/get-unread-number-notifications","ip":"::1","context":"HTTP_ERROR","msg":"Erreur HTTP"}
{"levelLabel":"info","time":"2025-06-15T14:07:27.839Z","context":"app","method":"GET","url":"/requests/get-all-requests","context":"HTTP_REQUEST_IN","msg":"Requête entrante"}
{"levelLabel":"info","time":"2025-06-15T14:07:27.840Z","context":"app","status":401,"responseTime":"1ms","context":"HTTP_RESPONSE_OUT","msg":"Réponse sortante"}
{"levelLabel":"error","time":"2025-06-15T14:07:27.841Z","context":"app","status":401,"method":"GET","url":"/requests/get-all-requests","ip":"::1","context":"HTTP_ERROR","msg":"Erreur HTTP"}
{"levelLabel":"info","time":"2025-06-15T14:07:27.874Z","context":"app","method":"OPTIONS","url":"/auth/refresh-token","context":"HTTP_REQUEST_IN","msg":"Requête entrante"}
{"levelLabel":"info","time":"2025-06-15T14:07:27.879Z","context":"app","method":"POST","url":"/auth/refresh-token","context":"HTTP_REQUEST_IN","msg":"Requête entrante"}
{"levelLabel":"error","time":"2025-06-15T14:07:28.083Z","context":"app","refreshTokenValue":"eyJhbGciOiJIUzI1NiIsInR5cCI6IkpXVCJ9.eyJ0b2tlbiI6ImE2NGFkYzc3M2E5ZGY5YjhkMTVhZjFlMzEzODkxZmQyZjVjYjg3OTI0ZGQxNGY3ZTBlODJiMTBmZDBkMTRjNzI3OGI0ZGMwMjA1OGJiOTUwMDM0OWZhYmJjMzRkN2MyYjJmOTdlZjQ0NTA5YWUwMTUyNmQzN2Q4ZmZjZjM0Yzk4IiwiaWF0IjoxNzQ5OTA0MDU2LCJleHAiOjE3NTA1MDg4NTZ9.s03oF3dBKyToKh47IPPnVaoB6kbh0IVHkkWPLdf7qEs","accessTokenValue":"eyJhbGciOiJIUzI1NiIsInR5cCI6IkpXVCJ9.eyJpZCI6IjE4NzNiMjQ4LTkyYTItNDc0NC1hNWU2LTIxZDU3NGNkMTA3MiIsInJvbGUiOiJESVJFQ1RFVVIiLCJpYXQiOjE3NDk5MDQwNTYsImV4cCI6MTc0OTkwNzY1Nn0.AOjUwJAGuOXSQw75xxP1N8h8wQY-OYY7s12PT7EjpDk","msg":"Session non trouvée pour refresh"}
{"levelLabel":"info","time":"2025-06-15T14:07:28.084Z","context":"app","status":401,"responseTime":"205ms","context":"HTTP_RESPONSE_OUT","msg":"Réponse sortante"}
{"levelLabel":"error","time":"2025-06-15T14:07:28.084Z","context":"app","status":401,"method":"POST","url":"/auth/refresh-token","ip":"::1","context":"HTTP_ERROR","msg":"Erreur HTTP"}
{"levelLabel":"info","time":"2025-06-15T14:09:08.058Z","context":"app","method":"OPTIONS","url":"/auth/login","context":"HTTP_REQUEST_IN","msg":"Requête entrante"}
{"levelLabel":"info","time":"2025-06-15T14:09:08.063Z","context":"app","method":"POST","url":"/auth/login","context":"HTTP_REQUEST_IN","msg":"Requête entrante"}
{"levelLabel":"info","time":"2025-06-15T14:09:08.378Z","context":"app","context":"LOGIN","user":{"id":"f44e4039-7e9d-46a8-804b-6d08b24ce7a2","role":"MASTER","firstName":"Amira","lastName":"Ben Salah","email":"etudiant@irescomath.com"},"msg":"Utilisateur connecté"}
{"levelLabel":"info","time":"2025-06-15T14:09:08.379Z","context":"app","status":200,"responseTime":"316ms","context":"HTTP_RESPONSE_OUT","msg":"Réponse sortante"}
{"levelLabel":"info","time":"2025-06-15T14:09:08.388Z","context":"app","method":"OPTIONS","url":"/auth/me","context":"HTTP_REQUEST_IN","msg":"Requête entrante"}
{"levelLabel":"info","time":"2025-06-15T14:09:08.394Z","context":"app","method":"GET","url":"/auth/me","context":"HTTP_REQUEST_IN","msg":"Requête entrante"}
{"levelLabel":"info","time":"2025-06-15T14:09:08.652Z","context":"app","status":200,"responseTime":"258ms","context":"HTTP_RESPONSE_OUT","msg":"Réponse sortante"}
{"levelLabel":"info","time":"2025-06-15T14:09:08.794Z","context":"app","method":"OPTIONS","url":"/notifications/get-unread-number-notifications","context":"HTTP_REQUEST_IN","msg":"Requête entrante"}
{"levelLabel":"info","time":"2025-06-15T14:09:08.800Z","context":"app","method":"OPTIONS","url":"/notifications/get-unread-number-notifications","context":"HTTP_REQUEST_IN","msg":"Requête entrante"}
{"levelLabel":"info","time":"2025-06-15T14:09:08.803Z","context":"app","method":"GET","url":"/notifications/get-unread-number-notifications","context":"HTTP_REQUEST_IN","msg":"Requête entrante"}
{"levelLabel":"info","time":"2025-06-15T14:09:08.870Z","context":"app","status":200,"responseTime":"67ms","context":"HTTP_RESPONSE_OUT","msg":"Réponse sortante"}
{"levelLabel":"info","time":"2025-06-15T14:09:08.884Z","context":"app","method":"GET","url":"/notifications/get-unread-number-notifications","context":"HTTP_REQUEST_IN","msg":"Requête entrante"}
{"levelLabel":"info","time":"2025-06-15T14:09:08.906Z","context":"app","status":200,"responseTime":"22ms","context":"HTTP_RESPONSE_OUT","msg":"Réponse sortante"}
{"levelLabel":"info","time":"2025-06-15T14:09:09.161Z","context":"app","method":"OPTIONS","url":"/requests/get-all-requests","context":"HTTP_REQUEST_IN","msg":"Requête entrante"}
{"levelLabel":"info","time":"2025-06-15T14:09:09.162Z","context":"app","method":"OPTIONS","url":"/requests/get-all-requests","context":"HTTP_REQUEST_IN","msg":"Requête entrante"}
{"levelLabel":"info","time":"2025-06-15T14:09:09.163Z","context":"app","method":"GET","url":"/requests/get-all-requests","context":"HTTP_REQUEST_IN","msg":"Requête entrante"}
{"levelLabel":"info","time":"2025-06-15T14:09:09.321Z","context":"app","firstRequest":{"id":"decc8f61-73e5-46f4-8437-d49360e3510d","type":"EQUIPMENT_LOAN","status":"PENDING","createdAt":"2025-06-07T19:16:55.381Z","notes":null,"awaitForm":null,"signForm":null,"user":{"userId":"cab83c3c-ba28-4fbd-b1aa-8e110c45cc32","id":"0d650a48-870f-4005-9806-7402b77e6890","status":"ACTIVE","email":"doctorant@irescomath.com","role":"DOCTORANT","firstName":"Leila","lastName":"Hammami","photo":"https://randomuser.me/api/portraits/women/4.jpg","phone":null,"cin":"DOC123456","createdAt":"2025-06-07T19:16:55.336Z","thesisYear":2022,"thesisSupervisorId":"6bfa3d8e-93d9-401c-a0ee-ddcf4b08c898","thesisSupervisor":{"id":"b3ab5624-b614-4c26-8a69-12e39791ef62","firstName":"Ahmed","lastName":"Trabelsi"}},"purchaseRequest":null,"loanRequest":{"id":"3b17b10f-eec9-451a-804b-cea5c15501a7","quantity":1,"startDate":"2023-06-01T00:00:00.000Z","endDate":"2023-06-15T00:00:00.000Z","equipment":null,"category":{"id":"553a2442-a933-4a75-a657-e91d6a8b3baf","name":"Outils de présentation","type":"TOOLS"}},"stage":null,"mission":null,"scientificEvent":null,"articleRegistration":null},"msg":"Première requête formatée"}
{"levelLabel":"info","time":"2025-06-15T14:09:09.322Z","context":"app","status":200,"responseTime":"159ms","context":"HTTP_RESPONSE_OUT","msg":"Réponse sortante"}
{"levelLabel":"info","time":"2025-06-15T14:09:09.326Z","context":"app","method":"GET","url":"/requests/get-all-requests","context":"HTTP_REQUEST_IN","msg":"Requête entrante"}
{"levelLabel":"info","time":"2025-06-15T14:09:09.412Z","context":"app","firstRequest":{"id":"decc8f61-73e5-46f4-8437-d49360e3510d","type":"EQUIPMENT_LOAN","status":"PENDING","createdAt":"2025-06-07T19:16:55.381Z","notes":null,"awaitForm":null,"signForm":null,"user":{"userId":"cab83c3c-ba28-4fbd-b1aa-8e110c45cc32","id":"0d650a48-870f-4005-9806-7402b77e6890","status":"ACTIVE","email":"doctorant@irescomath.com","role":"DOCTORANT","firstName":"Leila","lastName":"Hammami","photo":"https://randomuser.me/api/portraits/women/4.jpg","phone":null,"cin":"DOC123456","createdAt":"2025-06-07T19:16:55.336Z","thesisYear":2022,"thesisSupervisorId":"6bfa3d8e-93d9-401c-a0ee-ddcf4b08c898","thesisSupervisor":{"id":"b3ab5624-b614-4c26-8a69-12e39791ef62","firstName":"Ahmed","lastName":"Trabelsi"}},"purchaseRequest":null,"loanRequest":{"id":"3b17b10f-eec9-451a-804b-cea5c15501a7","quantity":1,"startDate":"2023-06-01T00:00:00.000Z","endDate":"2023-06-15T00:00:00.000Z","equipment":null,"category":{"id":"553a2442-a933-4a75-a657-e91d6a8b3baf","name":"Outils de présentation","type":"TOOLS"}},"stage":null,"mission":null,"scientificEvent":null,"articleRegistration":null},"msg":"Première requête formatée"}
{"levelLabel":"info","time":"2025-06-15T14:09:09.412Z","context":"app","status":200,"responseTime":"86ms","context":"HTTP_RESPONSE_OUT","msg":"Réponse sortante"}
{"levelLabel":"info","time":"2025-06-15T14:09:10.013Z","context":"app","method":"GET","url":"/requests/get-all-requests","context":"HTTP_REQUEST_IN","msg":"Requête entrante"}
{"levelLabel":"info","time":"2025-06-15T14:09:10.145Z","context":"app","firstRequest":{"id":"decc8f61-73e5-46f4-8437-d49360e3510d","type":"EQUIPMENT_LOAN","status":"PENDING","createdAt":"2025-06-07T19:16:55.381Z","notes":null,"awaitForm":null,"signForm":null,"user":{"userId":"cab83c3c-ba28-4fbd-b1aa-8e110c45cc32","id":"0d650a48-870f-4005-9806-7402b77e6890","status":"ACTIVE","email":"doctorant@irescomath.com","role":"DOCTORANT","firstName":"Leila","lastName":"Hammami","photo":"https://randomuser.me/api/portraits/women/4.jpg","phone":null,"cin":"DOC123456","createdAt":"2025-06-07T19:16:55.336Z","thesisYear":2022,"thesisSupervisorId":"6bfa3d8e-93d9-401c-a0ee-ddcf4b08c898","thesisSupervisor":{"id":"b3ab5624-b614-4c26-8a69-12e39791ef62","firstName":"Ahmed","lastName":"Trabelsi"}},"purchaseRequest":null,"loanRequest":{"id":"3b17b10f-eec9-451a-804b-cea5c15501a7","quantity":1,"startDate":"2023-06-01T00:00:00.000Z","endDate":"2023-06-15T00:00:00.000Z","equipment":null,"category":{"id":"553a2442-a933-4a75-a657-e91d6a8b3baf","name":"Outils de présentation","type":"TOOLS"}},"stage":null,"mission":null,"scientificEvent":null,"articleRegistration":null},"msg":"Première requête formatée"}
{"levelLabel":"info","time":"2025-06-15T14:09:10.148Z","context":"app","status":200,"responseTime":"135ms","context":"HTTP_RESPONSE_OUT","msg":"Réponse sortante"}
{"levelLabel":"info","time":"2025-06-15T14:09:10.153Z","context":"app","method":"GET","url":"/requests/get-all-requests","context":"HTTP_REQUEST_IN","msg":"Requête entrante"}
{"levelLabel":"info","time":"2025-06-15T14:09:10.240Z","context":"app","firstRequest":{"id":"decc8f61-73e5-46f4-8437-d49360e3510d","type":"EQUIPMENT_LOAN","status":"PENDING","createdAt":"2025-06-07T19:16:55.381Z","notes":null,"awaitForm":null,"signForm":null,"user":{"userId":"cab83c3c-ba28-4fbd-b1aa-8e110c45cc32","id":"0d650a48-870f-4005-9806-7402b77e6890","status":"ACTIVE","email":"doctorant@irescomath.com","role":"DOCTORANT","firstName":"Leila","lastName":"Hammami","photo":"https://randomuser.me/api/portraits/women/4.jpg","phone":null,"cin":"DOC123456","createdAt":"2025-06-07T19:16:55.336Z","thesisYear":2022,"thesisSupervisorId":"6bfa3d8e-93d9-401c-a0ee-ddcf4b08c898","thesisSupervisor":{"id":"b3ab5624-b614-4c26-8a69-12e39791ef62","firstName":"Ahmed","lastName":"Trabelsi"}},"purchaseRequest":null,"loanRequest":{"id":"3b17b10f-eec9-451a-804b-cea5c15501a7","quantity":1,"startDate":"2023-06-01T00:00:00.000Z","endDate":"2023-06-15T00:00:00.000Z","equipment":null,"category":{"id":"553a2442-a933-4a75-a657-e91d6a8b3baf","name":"Outils de présentation","type":"TOOLS"}},"stage":null,"mission":null,"scientificEvent":null,"articleRegistration":null},"msg":"Première requête formatée"}
{"levelLabel":"info","time":"2025-06-15T14:09:10.240Z","context":"app","status":200,"responseTime":"87ms","context":"HTTP_RESPONSE_OUT","msg":"Réponse sortante"}
{"levelLabel":"info","time":"2025-06-15T14:10:29.238Z","context":"app","method":"GET","url":"/auth/refresh-token","context":"HTTP_REQUEST_IN","msg":"Requête entrante"}
{"levelLabel":"error","time":"2025-06-15T14:10:29.244Z","context":"app","status":404,"method":"GET","url":"/auth/refresh-token","ip":"::1","context":"HTTP_ERROR","msg":"Erreur HTTP"}
{"levelLabel":"info","time":"2025-06-15T14:11:14.806Z","context":"app","msg":"Server is running on port 8000"}
{"levelLabel":"info","time":"2025-06-15T14:11:54.931Z","context":"app","msg":"Server is running on port 8000"}
{"levelLabel":"info","time":"2025-06-15T14:12:36.815Z","context":"app","msg":"Server is running on port 8000"}
{"levelLabel":"info","time":"2025-06-15T14:12:59.709Z","context":"app","method":"OPTIONS","url":"/notifications/get-unread-number-notifications","context":"HTTP_REQUEST_IN","msg":"Requête entrante"}
{"levelLabel":"info","time":"2025-06-15T14:12:59.744Z","context":"app","method":"OPTIONS","url":"/auth/me","context":"HTTP_REQUEST_IN","msg":"Requête entrante"}
{"levelLabel":"info","time":"2025-06-15T14:12:59.747Z","context":"app","method":"OPTIONS","url":"/notifications/get-unread-number-notifications","context":"HTTP_REQUEST_IN","msg":"Requête entrante"}
{"levelLabel":"info","time":"2025-06-15T14:12:59.757Z","context":"app","method":"OPTIONS","url":"/auth/me","context":"HTTP_REQUEST_IN","msg":"Requête entrante"}
{"levelLabel":"info","time":"2025-06-15T14:12:59.770Z","context":"app","method":"GET","url":"/notifications/get-unread-number-notifications","context":"HTTP_REQUEST_IN","msg":"Requête entrante"}
{"levelLabel":"info","time":"2025-06-15T14:12:59.813Z","context":"app","method":"GET","url":"/auth/me","context":"HTTP_REQUEST_IN","msg":"Requête entrante"}
{"levelLabel":"info","time":"2025-06-15T14:13:00.199Z","context":"app","status":200,"responseTime":"386ms","context":"HTTP_RESPONSE_OUT","msg":"Réponse sortante"}
{"levelLabel":"info","time":"2025-06-15T14:13:00.213Z","context":"app","method":"GET","url":"/auth/me","context":"HTTP_REQUEST_IN","msg":"Requête entrante"}
{"levelLabel":"info","time":"2025-06-15T14:13:00.260Z","context":"app","status":200,"responseTime":"47ms","context":"HTTP_RESPONSE_OUT","msg":"Réponse sortante"}
{"levelLabel":"info","time":"2025-06-15T14:13:00.317Z","context":"app","status":200,"responseTime":"547ms","context":"HTTP_RESPONSE_OUT","msg":"Réponse sortante"}
{"levelLabel":"info","time":"2025-06-15T14:13:00.319Z","context":"app","method":"GET","url":"/notifications/get-unread-number-notifications","context":"HTTP_REQUEST_IN","msg":"Requête entrante"}
{"levelLabel":"info","time":"2025-06-15T14:13:00.328Z","context":"app","status":200,"responseTime":"9ms","context":"HTTP_RESPONSE_OUT","msg":"Réponse sortante"}
{"levelLabel":"info","time":"2025-06-15T14:13:02.392Z","context":"app","method":"GET","url":"/notifications/get-unread-number-notifications","context":"HTTP_REQUEST_IN","msg":"Requête entrante"}
{"levelLabel":"info","time":"2025-06-15T14:13:02.394Z","context":"app","method":"GET","url":"/auth/me","context":"HTTP_REQUEST_IN","msg":"Requête entrante"}
{"levelLabel":"info","time":"2025-06-15T14:13:02.412Z","context":"app","status":200,"responseTime":"18ms","context":"HTTP_RESPONSE_OUT","msg":"Réponse sortante"}
{"levelLabel":"info","time":"2025-06-15T14:13:02.414Z","context":"app","status":200,"responseTime":"22ms","context":"HTTP_RESPONSE_OUT","msg":"Réponse sortante"}
{"levelLabel":"info","time":"2025-06-15T14:13:02.415Z","context":"app","method":"GET","url":"/auth/me","context":"HTTP_REQUEST_IN","msg":"Requête entrante"}
{"levelLabel":"info","time":"2025-06-15T14:13:02.418Z","context":"app","method":"GET","url":"/notifications/get-unread-number-notifications","context":"HTTP_REQUEST_IN","msg":"Requête entrante"}
{"levelLabel":"info","time":"2025-06-15T14:13:02.458Z","context":"app","status":200,"responseTime":"40ms","context":"HTTP_RESPONSE_OUT","msg":"Réponse sortante"}
{"levelLabel":"info","time":"2025-06-15T14:13:02.465Z","context":"app","status":200,"responseTime":"50ms","context":"HTTP_RESPONSE_OUT","msg":"Réponse sortante"}
{"levelLabel":"info","time":"2025-06-15T14:24:12.672Z","context":"app","method":"OPTIONS","url":"/notifications/get-unread-number-notifications","context":"HTTP_REQUEST_IN","msg":"Requête entrante"}
{"levelLabel":"info","time":"2025-06-15T14:24:12.704Z","context":"app","method":"OPTIONS","url":"/auth/me","context":"HTTP_REQUEST_IN","msg":"Requête entrante"}
{"levelLabel":"info","time":"2025-06-15T14:24:12.707Z","context":"app","method":"OPTIONS","url":"/notifications/get-unread-number-notifications","context":"HTTP_REQUEST_IN","msg":"Requête entrante"}
{"levelLabel":"info","time":"2025-06-15T14:24:12.709Z","context":"app","method":"OPTIONS","url":"/auth/me","context":"HTTP_REQUEST_IN","msg":"Requête entrante"}
{"levelLabel":"info","time":"2025-06-15T14:24:12.713Z","context":"app","method":"GET","url":"/notifications/get-unread-number-notifications","context":"HTTP_REQUEST_IN","msg":"Requête entrante"}
{"levelLabel":"info","time":"2025-06-15T14:24:12.805Z","context":"app","method":"GET","url":"/auth/me","context":"HTTP_REQUEST_IN","msg":"Requête entrante"}
{"levelLabel":"info","time":"2025-06-15T14:24:13.472Z","context":"app","status":200,"responseTime":"759ms","context":"HTTP_RESPONSE_OUT","msg":"Réponse sortante"}
{"levelLabel":"info","time":"2025-06-15T14:24:13.481Z","context":"app","status":200,"responseTime":"675ms","context":"HTTP_RESPONSE_OUT","msg":"Réponse sortante"}
{"levelLabel":"info","time":"2025-06-15T14:24:13.484Z","context":"app","method":"GET","url":"/notifications/get-unread-number-notifications","context":"HTTP_REQUEST_IN","msg":"Requête entrante"}
{"levelLabel":"info","time":"2025-06-15T14:24:13.496Z","context":"app","method":"GET","url":"/auth/me","context":"HTTP_REQUEST_IN","msg":"Requête entrante"}
{"levelLabel":"info","time":"2025-06-15T14:24:13.554Z","context":"app","status":200,"responseTime":"58ms","context":"HTTP_RESPONSE_OUT","msg":"Réponse sortante"}
{"levelLabel":"info","time":"2025-06-15T14:24:13.559Z","context":"app","status":200,"responseTime":"75ms","context":"HTTP_RESPONSE_OUT","msg":"Réponse sortante"}
{"levelLabel":"info","time":"2025-06-15T14:24:47.421Z","context":"app","method":"OPTIONS","url":"/notifications/get-unread-number-notifications","context":"HTTP_REQUEST_IN","msg":"Requête entrante"}
{"levelLabel":"info","time":"2025-06-15T14:24:47.426Z","context":"app","method":"OPTIONS","url":"/auth/me","context":"HTTP_REQUEST_IN","msg":"Requête entrante"}
{"levelLabel":"info","time":"2025-06-15T14:24:47.428Z","context":"app","method":"OPTIONS","url":"/auth/me","context":"HTTP_REQUEST_IN","msg":"Requête entrante"}
{"levelLabel":"info","time":"2025-06-15T14:24:47.429Z","context":"app","method":"OPTIONS","url":"/notifications/get-unread-number-notifications","context":"HTTP_REQUEST_IN","msg":"Requête entrante"}
{"levelLabel":"info","time":"2025-06-15T14:24:47.430Z","context":"app","method":"GET","url":"/auth/me","context":"HTTP_REQUEST_IN","msg":"Requête entrante"}
{"levelLabel":"info","time":"2025-06-15T14:24:47.432Z","context":"app","method":"GET","url":"/notifications/get-unread-number-notifications","context":"HTTP_REQUEST_IN","msg":"Requête entrante"}
{"levelLabel":"info","time":"2025-06-15T14:24:47.464Z","context":"app","status":200,"responseTime":"32ms","context":"HTTP_RESPONSE_OUT","msg":"Réponse sortante"}
{"levelLabel":"info","time":"2025-06-15T14:24:47.476Z","context":"app","method":"GET","url":"/notifications/get-unread-number-notifications","context":"HTTP_REQUEST_IN","msg":"Requête entrante"}
{"levelLabel":"info","time":"2025-06-15T14:24:47.485Z","context":"app","status":200,"responseTime":"55ms","context":"HTTP_RESPONSE_OUT","msg":"Réponse sortante"}
{"levelLabel":"info","time":"2025-06-15T14:24:47.496Z","context":"app","method":"GET","url":"/auth/me","context":"HTTP_REQUEST_IN","msg":"Requête entrante"}
{"levelLabel":"info","time":"2025-06-15T14:24:47.503Z","context":"app","status":200,"responseTime":"27ms","context":"HTTP_RESPONSE_OUT","msg":"Réponse sortante"}
{"levelLabel":"info","time":"2025-06-15T14:24:47.511Z","context":"app","status":200,"responseTime":"15ms","context":"HTTP_RESPONSE_OUT","msg":"Réponse sortante"}
{"levelLabel":"info","time":"2025-06-15T14:24:51.540Z","context":"app","method":"GET","url":"/notifications/get-unread-number-notifications","context":"HTTP_REQUEST_IN","msg":"Requête entrante"}
{"levelLabel":"info","time":"2025-06-15T14:24:51.553Z","context":"app","status":200,"responseTime":"11ms","context":"HTTP_RESPONSE_OUT","msg":"Réponse sortante"}
{"levelLabel":"info","time":"2025-06-15T14:24:56.505Z","context":"app","method":"OPTIONS","url":"/notifications/get-unread-number-notifications","context":"HTTP_REQUEST_IN","msg":"Requête entrante"}
{"levelLabel":"info","time":"2025-06-15T14:24:56.508Z","context":"app","method":"GET","url":"/notifications/get-unread-number-notifications","context":"HTTP_REQUEST_IN","msg":"Requête entrante"}
{"levelLabel":"info","time":"2025-06-15T14:24:56.517Z","context":"app","status":200,"responseTime":"9ms","context":"HTTP_RESPONSE_OUT","msg":"Réponse sortante"}
{"levelLabel":"info","time":"2025-06-15T14:26:28.399Z","context":"app","method":"OPTIONS","url":"/notifications/get-unread-number-notifications","context":"HTTP_REQUEST_IN","msg":"Requête entrante"}
{"levelLabel":"info","time":"2025-06-15T14:26:28.402Z","context":"app","method":"OPTIONS","url":"/auth/me","context":"HTTP_REQUEST_IN","msg":"Requête entrante"}
{"levelLabel":"info","time":"2025-06-15T14:26:28.404Z","context":"app","method":"OPTIONS","url":"/notifications/get-unread-number-notifications","context":"HTTP_REQUEST_IN","msg":"Requête entrante"}
{"levelLabel":"info","time":"2025-06-15T14:26:28.405Z","context":"app","method":"OPTIONS","url":"/auth/me","context":"HTTP_REQUEST_IN","msg":"Requête entrante"}
{"levelLabel":"info","time":"2025-06-15T14:26:28.406Z","context":"app","method":"GET","url":"/notifications/get-unread-number-notifications","context":"HTTP_REQUEST_IN","msg":"Requête entrante"}
{"levelLabel":"info","time":"2025-06-15T14:26:28.410Z","context":"app","method":"GET","url":"/auth/me","context":"HTTP_REQUEST_IN","msg":"Requête entrante"}
{"levelLabel":"info","time":"2025-06-15T14:26:28.448Z","context":"app","status":200,"responseTime":"42ms","context":"HTTP_RESPONSE_OUT","msg":"Réponse sortante"}
{"levelLabel":"info","time":"2025-06-15T14:26:28.454Z","context":"app","method":"GET","url":"/notifications/get-unread-number-notifications","context":"HTTP_REQUEST_IN","msg":"Requête entrante"}
{"levelLabel":"info","time":"2025-06-15T14:26:28.457Z","context":"app","status":200,"responseTime":"47ms","context":"HTTP_RESPONSE_OUT","msg":"Réponse sortante"}
{"levelLabel":"info","time":"2025-06-15T14:26:28.467Z","context":"app","method":"GET","url":"/auth/me","context":"HTTP_REQUEST_IN","msg":"Requête entrante"}
{"levelLabel":"info","time":"2025-06-15T14:26:28.485Z","context":"app","status":200,"responseTime":"31ms","context":"HTTP_RESPONSE_OUT","msg":"Réponse sortante"}
{"levelLabel":"info","time":"2025-06-15T14:26:28.495Z","context":"app","status":200,"responseTime":"28ms","context":"HTTP_RESPONSE_OUT","msg":"Réponse sortante"}
{"levelLabel":"info","time":"2025-06-15T14:26:31.532Z","context":"app","method":"GET","url":"/notifications/get-unread-number-notifications","context":"HTTP_REQUEST_IN","msg":"Requête entrante"}
{"levelLabel":"info","time":"2025-06-15T14:26:31.549Z","context":"app","status":200,"responseTime":"17ms","context":"HTTP_RESPONSE_OUT","msg":"Réponse sortante"}
{"levelLabel":"info","time":"2025-06-15T14:26:31.552Z","context":"app","method":"GET","url":"/notifications/get-unread-number-notifications","context":"HTTP_REQUEST_IN","msg":"Requête entrante"}
{"levelLabel":"info","time":"2025-06-15T14:26:31.576Z","context":"app","status":200,"responseTime":"24ms","context":"HTTP_RESPONSE_OUT","msg":"Réponse sortante"}
{"levelLabel":"info","time":"2025-06-15T14:26:34.546Z","context":"app","method":"OPTIONS","url":"/notifications/get-unread-number-notifications","context":"HTTP_REQUEST_IN","msg":"Requête entrante"}
{"levelLabel":"info","time":"2025-06-15T14:26:34.549Z","context":"app","method":"OPTIONS","url":"/notifications/get-unread-number-notifications","context":"HTTP_REQUEST_IN","msg":"Requête entrante"}
{"levelLabel":"info","time":"2025-06-15T14:26:34.551Z","context":"app","method":"GET","url":"/notifications/get-unread-number-notifications","context":"HTTP_REQUEST_IN","msg":"Requête entrante"}
{"levelLabel":"info","time":"2025-06-15T14:26:34.586Z","context":"app","status":200,"responseTime":"35ms","context":"HTTP_RESPONSE_OUT","msg":"Réponse sortante"}
{"levelLabel":"info","time":"2025-06-15T14:26:34.602Z","context":"app","method":"GET","url":"/notifications/get-unread-number-notifications","context":"HTTP_REQUEST_IN","msg":"Requête entrante"}
{"levelLabel":"info","time":"2025-06-15T14:26:34.638Z","context":"app","status":200,"responseTime":"36ms","context":"HTTP_RESPONSE_OUT","msg":"Réponse sortante"}
{"levelLabel":"info","time":"2025-06-15T14:26:38.506Z","context":"app","method":"GET","url":"/notifications/get-unread-number-notifications","context":"HTTP_REQUEST_IN","msg":"Requête entrante"}
{"levelLabel":"info","time":"2025-06-15T14:26:38.516Z","context":"app","status":200,"responseTime":"10ms","context":"HTTP_RESPONSE_OUT","msg":"Réponse sortante"}
{"levelLabel":"info","time":"2025-06-15T14:26:38.519Z","context":"app","method":"GET","url":"/notifications/get-unread-number-notifications","context":"HTTP_REQUEST_IN","msg":"Requête entrante"}
{"levelLabel":"info","time":"2025-06-15T14:26:38.543Z","context":"app","status":200,"responseTime":"24ms","context":"HTTP_RESPONSE_OUT","msg":"Réponse sortante"}
{"levelLabel":"info","time":"2025-06-15T14:27:00.584Z","context":"app","method":"OPTIONS","url":"/notifications/get-unread-number-notifications","context":"HTTP_REQUEST_IN","msg":"Requête entrante"}
{"levelLabel":"info","time":"2025-06-15T14:27:00.587Z","context":"app","method":"OPTIONS","url":"/notifications/get-unread-number-notifications","context":"HTTP_REQUEST_IN","msg":"Requête entrante"}
{"levelLabel":"info","time":"2025-06-15T14:27:00.589Z","context":"app","method":"GET","url":"/notifications/get-unread-number-notifications","context":"HTTP_REQUEST_IN","msg":"Requête entrante"}
{"levelLabel":"info","time":"2025-06-15T14:27:00.612Z","context":"app","status":200,"responseTime":"23ms","context":"HTTP_RESPONSE_OUT","msg":"Réponse sortante"}
{"levelLabel":"info","time":"2025-06-15T14:27:00.615Z","context":"app","method":"GET","url":"/notifications/get-unread-number-notifications","context":"HTTP_REQUEST_IN","msg":"Requête entrante"}
{"levelLabel":"info","time":"2025-06-15T14:27:00.629Z","context":"app","status":200,"responseTime":"14ms","context":"HTTP_RESPONSE_OUT","msg":"Réponse sortante"}
{"levelLabel":"info","time":"2025-06-15T14:27:02.537Z","context":"app","method":"GET","url":"/notifications/get-unread-number-notifications","context":"HTTP_REQUEST_IN","msg":"Requête entrante"}
{"levelLabel":"info","time":"2025-06-15T14:27:02.555Z","context":"app","status":200,"responseTime":"18ms","context":"HTTP_RESPONSE_OUT","msg":"Réponse sortante"}
{"levelLabel":"info","time":"2025-06-15T14:27:02.558Z","context":"app","method":"GET","url":"/notifications/get-unread-number-notifications","context":"HTTP_REQUEST_IN","msg":"Requête entrante"}
{"levelLabel":"info","time":"2025-06-15T14:27:02.574Z","context":"app","status":200,"responseTime":"16ms","context":"HTTP_RESPONSE_OUT","msg":"Réponse sortante"}
{"levelLabel":"info","time":"2025-06-15T14:27:04.521Z","context":"app","method":"GET","url":"/notifications/get-unread-number-notifications","context":"HTTP_REQUEST_IN","msg":"Requête entrante"}
{"levelLabel":"info","time":"2025-06-15T14:27:04.534Z","context":"app","status":200,"responseTime":"13ms","context":"HTTP_RESPONSE_OUT","msg":"Réponse sortante"}
{"levelLabel":"info","time":"2025-06-15T14:27:04.537Z","context":"app","method":"GET","url":"/notifications/get-unread-number-notifications","context":"HTTP_REQUEST_IN","msg":"Requête entrante"}
{"levelLabel":"info","time":"2025-06-15T14:27:04.549Z","context":"app","status":200,"responseTime":"12ms","context":"HTTP_RESPONSE_OUT","msg":"Réponse sortante"}
{"levelLabel":"info","time":"2025-06-15T14:27:07.562Z","context":"app","method":"OPTIONS","url":"/notifications/get-unread-number-notifications","context":"HTTP_REQUEST_IN","msg":"Requête entrante"}
{"levelLabel":"info","time":"2025-06-15T14:27:07.564Z","context":"app","method":"OPTIONS","url":"/notifications/get-unread-number-notifications","context":"HTTP_REQUEST_IN","msg":"Requête entrante"}
{"levelLabel":"info","time":"2025-06-15T14:27:07.565Z","context":"app","method":"GET","url":"/notifications/get-unread-number-notifications","context":"HTTP_REQUEST_IN","msg":"Requête entrante"}
{"levelLabel":"info","time":"2025-06-15T14:27:07.577Z","context":"app","status":200,"responseTime":"12ms","context":"HTTP_RESPONSE_OUT","msg":"Réponse sortante"}
{"levelLabel":"info","time":"2025-06-15T14:27:07.585Z","context":"app","method":"GET","url":"/notifications/get-unread-number-notifications","context":"HTTP_REQUEST_IN","msg":"Requête entrante"}
{"levelLabel":"info","time":"2025-06-15T14:27:07.625Z","context":"app","status":200,"responseTime":"40ms","context":"HTTP_RESPONSE_OUT","msg":"Réponse sortante"}
{"levelLabel":"info","time":"2025-06-15T14:27:09.475Z","context":"app","method":"GET","url":"/notifications/get-unread-number-notifications","context":"HTTP_REQUEST_IN","msg":"Requête entrante"}
{"levelLabel":"info","time":"2025-06-15T14:27:09.483Z","context":"app","status":200,"responseTime":"7ms","context":"HTTP_RESPONSE_OUT","msg":"Réponse sortante"}
{"levelLabel":"info","time":"2025-06-15T14:27:09.484Z","context":"app","method":"GET","url":"/notifications/get-unread-number-notifications","context":"HTTP_REQUEST_IN","msg":"Requête entrante"}
{"levelLabel":"info","time":"2025-06-15T14:27:09.491Z","context":"app","status":200,"responseTime":"7ms","context":"HTTP_RESPONSE_OUT","msg":"Réponse sortante"}
{"levelLabel":"info","time":"2025-06-15T14:27:46.475Z","context":"app","method":"OPTIONS","url":"/notifications/get-unread-number-notifications","context":"HTTP_REQUEST_IN","msg":"Requête entrante"}
{"levelLabel":"info","time":"2025-06-15T14:27:46.475Z","context":"app","method":"OPTIONS","url":"/notifications/get-unread-number-notifications","context":"HTTP_REQUEST_IN","msg":"Requête entrante"}
{"levelLabel":"info","time":"2025-06-15T14:27:46.477Z","context":"app","method":"GET","url":"/notifications/get-unread-number-notifications","context":"HTTP_REQUEST_IN","msg":"Requête entrante"}
{"levelLabel":"info","time":"2025-06-15T14:27:46.484Z","context":"app","status":200,"responseTime":"7ms","context":"HTTP_RESPONSE_OUT","msg":"Réponse sortante"}
{"levelLabel":"info","time":"2025-06-15T14:27:46.486Z","context":"app","method":"GET","url":"/notifications/get-unread-number-notifications","context":"HTTP_REQUEST_IN","msg":"Requête entrante"}
{"levelLabel":"info","time":"2025-06-15T14:27:46.503Z","context":"app","status":200,"responseTime":"17ms","context":"HTTP_RESPONSE_OUT","msg":"Réponse sortante"}
{"levelLabel":"info","time":"2025-06-15T14:29:11.838Z","context":"app","method":"OPTIONS","url":"/notifications/get-unread-number-notifications","context":"HTTP_REQUEST_IN","msg":"Requête entrante"}
{"levelLabel":"info","time":"2025-06-15T14:29:11.851Z","context":"app","method":"GET","url":"/notifications/get-unread-number-notifications","context":"HTTP_REQUEST_IN","msg":"Requête entrante"}
{"levelLabel":"info","time":"2025-06-15T14:29:11.947Z","context":"app","status":200,"responseTime":"96ms","context":"HTTP_RESPONSE_OUT","msg":"Réponse sortante"}
{"levelLabel":"info","time":"2025-06-15T14:29:14.442Z","context":"app","method":"GET","url":"/notifications/get-unread-number-notifications","context":"HTTP_REQUEST_IN","msg":"Requête entrante"}
{"levelLabel":"info","time":"2025-06-15T14:29:14.638Z","context":"app","status":200,"responseTime":"196ms","context":"HTTP_RESPONSE_OUT","msg":"Réponse sortante"}
{"levelLabel":"info","time":"2025-06-15T14:29:22.481Z","context":"app","method":"OPTIONS","url":"/notifications/get-unread-number-notifications","context":"HTTP_REQUEST_IN","msg":"Requête entrante"}
{"levelLabel":"info","time":"2025-06-15T14:29:22.483Z","context":"app","method":"GET","url":"/notifications/get-unread-number-notifications","context":"HTTP_REQUEST_IN","msg":"Requête entrante"}
{"levelLabel":"info","time":"2025-06-15T14:29:22.504Z","context":"app","status":200,"responseTime":"21ms","context":"HTTP_RESPONSE_OUT","msg":"Réponse sortante"}
